<?xml version="1.0" encoding="utf-8"?><testsuites name="pytest tests"><testsuite name="pytest" errors="0" failures="2" skipped="0" tests="17" time="10.991" timestamp="2026-05-29T04:45:12.462254+00:00" hostname="agent-env-5332fe1e-417f-494a-a393-19c472e9bc9a"><testcase classname="backend.tests.test_valuation.TestAuthRegression" name="test_admin_login" time="0.448" /><testcase classname="backend.tests.test_valuation.TestAuthRegression" name="test_member_login" time="0.366" /><testcase classname="backend.tests.test_valuation.TestValuationAuth" name="test_valuation_requires_auth" time="0.100" /><testcase classname="backend.tests.test_valuation.TestValuationAuth" name="test_valuation_history_requires_auth" time="0.172" /><testcase classname="backend.tests.test_valuation.TestValuationFeature" name="test_history_endpoint_works" time="0.474" /><testcase classname="backend.tests.test_valuation.TestValuationFeature" name="test_run_valuation_msft" time="7.009" /><testcase classname="backend.tests.test_valuation.TestValuationFeature" name="test_history_populated_after_valuation" time="0.180" /><testcase classname="backend.tests.test_valuation.TestValuationFeature" name="test_invalid_ticker" time="0.385" /><testcase classname="backend.tests.test_valuation.TestContentRegression" name="test_content_endpoint[/api/research]" time="0.111" /><testcase classname="backend.tests.test_valuation.TestContentRegression" name="test_content_endpoint[/api/education]" time="0.138" /><testcase classname="backend.tests.test_valuation.TestContentRegression" name="test_content_endpoint[/api/reports]" time="0.108" /><testcase classname="backend.tests.test_valuation.TestContentRegression" name="test_content_endpoint[/api/companies]" time="0.109" /><testcase classname="backend.tests.test_valuation.TestContentRegression" name="test_content_endpoint[/api/books]" time="0.104" /><testcase classname="backend.tests.test_valuation.TestContentRegression" name="test_search" time="0.141" /><testcase classname="backend.tests.test_valuation.TestContentRegression" name="test_chat_history" time="0.134"><failure message="assert 422 == 200&#10; +  where 422 = &lt;Response [422]&gt;.status_code">backend/tests/test_valuation.py:144: in test_chat_history
    assert r.status_code == 200
E   assert 422 == 200
E    +  where 422 = &lt;Response [422]&gt;.status_code</failure></testcase><testcase classname="backend.tests.test_valuation.TestContentRegression" name="test_chat_send" time="0.799" /><testcase classname="backend.tests.test_valuation.TestContentRegression" name="test_billing_portal" time="0.108"><failure message="AssertionError: got 405 {&quot;detail&quot;:&quot;Method Not Allowed&quot;}&#10;assert 405 in (200, 503)&#10; +  where 405 = &lt;Response [405]&gt;.status_code">backend/tests/test_valuation.py:164: in test_billing_portal
    assert r.status_code in (200, 503), f"got {r.status_code} {r.text[:200]}"
E   AssertionError: got 405 {"detail":"Method Not Allowed"}
E   assert 405 in (200, 503)
E    +  where 405 = &lt;Response [405]&gt;.status_code</failure></testcase></testsuite></testsuites>