<?xml version="1.0" encoding="utf-8"?><testsuites name="pytest tests"><testsuite name="pytest" errors="0" failures="0" skipped="0" tests="121" time="75.449" timestamp="2026-05-29T04:45:58.613194+00:00" hostname="agent-env-5332fe1e-417f-494a-a393-19c472e9bc9a"><testcase classname="backend.tests.test_auth.TestHealth" name="test_health_ok" time="0.130" /><testcase classname="backend.tests.test_auth.TestHealth" name="test_root" time="0.046" /><testcase classname="backend.tests.test_auth.TestRegister" name="test_register_returns_token_and_user" time="0.275" /><testcase classname="backend.tests.test_auth.TestRegister" name="test_register_duplicate_email_400" time="0.049" /><testcase classname="backend.tests.test_auth.TestRegister" name="test_register_short_password_422" time="0.047" /><testcase classname="backend.tests.test_auth.TestLogin" name="test_admin_login_success" time="0.269" /><testcase classname="backend.tests.test_auth.TestLogin" name="test_admin_login_wrong_password_401" time="0.269" /><testcase classname="backend.tests.test_auth.TestLogin" name="test_login_unknown_email_401" time="0.049" /><testcase classname="backend.tests.test_auth.TestLogin" name="test_login_case_insensitive_email" time="0.272" /><testcase classname="backend.tests.test_auth.TestMeLogout" name="test_me_with_token" time="0.372" /><testcase classname="backend.tests.test_auth.TestMeLogout" name="test_me_without_token_401" time="0.140" /><testcase classname="backend.tests.test_auth.TestMeLogout" name="test_me_with_invalid_token_401" time="0.122" /><testcase classname="backend.tests.test_auth.TestMeLogout" name="test_logout_authenticated" time="0.377" /><testcase classname="backend.tests.test_auth.TestMeLogout" name="test_logout_unauthenticated_401" time="0.110" /><testcase classname="backend.tests.test_auth.TestMemberFlow" name="test_new_member_can_call_me" time="0.107" /><testcase classname="backend.tests.test_auth.TestMemberFlow" name="test_new_member_login_then_me" time="0.377" /><testcase classname="backend.tests.test_content.TestRoleGating" name="test_research_post_member_403" time="0.431" /><testcase classname="backend.tests.test_content.TestRoleGating" name="test_education_post_member_403" time="0.115" /><testcase classname="backend.tests.test_content.TestRoleGating" name="test_reports_post_member_403" time="0.111" /><testcase classname="backend.tests.test_content.TestRoleGating" name="test_companies_post_member_403" time="0.101" /><testcase classname="backend.tests.test_content.TestResearch" name="test_create_published" time="0.446" /><testcase classname="backend.tests.test_content.TestResearch" name="test_create_draft" time="0.111" /><testcase classname="backend.tests.test_content.TestResearch" name="test_member_sees_only_published" time="0.111" /><testcase classname="backend.tests.test_content.TestResearch" name="test_admin_sees_all" time="0.103" /><testcase classname="backend.tests.test_content.TestResearch" name="test_filter_by_category" time="0.104" /><testcase classname="backend.tests.test_content.TestResearch" name="test_filter_by_tag" time="0.118" /><testcase classname="backend.tests.test_content.TestResearch" name="test_search_q" time="0.105" /><testcase classname="backend.tests.test_content.TestResearch" name="test_member_cannot_get_draft" time="0.103" /><testcase classname="backend.tests.test_content.TestResearch" name="test_get_one" time="0.119" /><testcase classname="backend.tests.test_content.TestResearch" name="test_update" time="0.238" /><testcase classname="backend.tests.test_content.TestResearch" name="test_delete_and_verify" time="0.201" /><testcase classname="backend.tests.test_content.TestEducation" name="test_create" time="0.113" /><testcase classname="backend.tests.test_content.TestEducation" name="test_list_and_get" time="0.121" /><testcase classname="backend.tests.test_content.TestEducation" name="test_update" time="0.114" /><testcase classname="backend.tests.test_content.TestEducation" name="test_delete" time="0.103" /><testcase classname="backend.tests.test_content.TestReports" name="test_create_invalid_period" time="0.127" /><testcase classname="backend.tests.test_content.TestReports" name="test_create_valid" time="0.131" /><testcase classname="backend.tests.test_content.TestReports" name="test_year_filter" time="0.126" /><testcase classname="backend.tests.test_content.TestReports" name="test_year_filter_no_match" time="0.105" /><testcase classname="backend.tests.test_content.TestReports" name="test_delete" time="0.127" /><testcase classname="backend.tests.test_content.TestCompanies" name="test_create" time="0.113" /><testcase classname="backend.tests.test_content.TestCompanies" name="test_duplicate_ticker" time="0.101" /><testcase classname="backend.tests.test_content.TestCompanies" name="test_member_sees_all_statuses" time="0.356" /><testcase classname="backend.tests.test_content.TestCompanies" name="test_get_detail" time="0.100" /><testcase classname="backend.tests.test_content.TestCompanies" name="test_add_memo" time="0.118" /><testcase classname="backend.tests.test_content.TestCompanies" name="test_member_cannot_add_memo" time="0.112" /><testcase classname="backend.tests.test_content.TestCompanies" name="test_memo_visible_in_detail" time="0.135" /><testcase classname="backend.tests.test_content.TestCompanies" name="test_delete_memo" time="0.242" /><testcase classname="backend.tests.test_content.TestBookmarks" name="test_check_initially_false" time="0.381" /><testcase classname="backend.tests.test_content.TestBookmarks" name="test_add_bookmark" time="0.114" /><testcase classname="backend.tests.test_content.TestBookmarks" name="test_check_now_true" time="0.099" /><testcase classname="backend.tests.test_content.TestBookmarks" name="test_duplicate_add_idempotent" time="0.119" /><testcase classname="backend.tests.test_content.TestBookmarks" name="test_list_hydrated" time="0.105" /><testcase classname="backend.tests.test_content.TestBookmarks" name="test_member_draft_bookmark_hidden" time="0.200" /><testcase classname="backend.tests.test_content.TestBookmarks" name="test_delete_bookmark" time="0.708" /><testcase classname="backend.tests.test_p1.TestBruteForce" name="test_lockout_after_5_failed" time="3.640" /><testcase classname="backend.tests.test_p1.TestBruteForce" name="test_successful_login_clears_attempts" time="5.466" /><testcase classname="backend.tests.test_p1.TestTwoFactor" name="test_status_initially_disabled" time="0.794" /><testcase classname="backend.tests.test_p1.TestTwoFactor" name="test_setup_returns_secret_uri_qr" time="0.284" /><testcase classname="backend.tests.test_p1.TestTwoFactor" name="test_verify_setup_with_valid_totp_enables" time="0.108" /><testcase classname="backend.tests.test_p1.TestTwoFactor" name="test_status_enabled_after_setup" time="0.134" /><testcase classname="backend.tests.test_p1.TestTwoFactor" name="test_login_now_requires_2fa" time="0.853" /><testcase classname="backend.tests.test_p1.TestTwoFactor" name="test_2fa_verify_invalid_code_401" time="0.217" /><testcase classname="backend.tests.test_p1.TestTwoFactor" name="test_2fa_verify_valid_totp_returns_access" time="0.156" /><testcase classname="backend.tests.test_p1.TestTwoFactor" name="test_backup_code_works_and_is_consumed" time="1.240" /><testcase classname="backend.tests.test_p1.TestTwoFactor" name="test_disable_2fa" time="0.899" /><testcase classname="backend.tests.test_p1.TestEmailPrefs" name="test_default_is_opt_in_true" time="0.198" /><testcase classname="backend.tests.test_p1.TestEmailPrefs" name="test_update_to_false" time="0.203" /><testcase classname="backend.tests.test_p1.TestEmailPrefs" name="test_update_back_to_true" time="0.158" /><testcase classname="backend.tests.test_p1.TestPdfUpload" name="test_non_admin_forbidden" time="0.100" /><testcase classname="backend.tests.test_p1.TestPdfUpload" name="test_non_pdf_rejected" time="0.574" /><testcase classname="backend.tests.test_p1.TestPdfUpload" name="test_admin_upload_success" time="0.393" /><testcase classname="backend.tests.test_p1.TestPdfUpload" name="test_oversize_413" time="0.915" /><testcase classname="backend.tests.test_p1.TestPdfUpload" name="test_file_serve_with_bearer" time="0.276" /><testcase classname="backend.tests.test_p1.TestPdfUpload" name="test_file_serve_with_query_auth" time="0.283" /><testcase classname="backend.tests.test_p1.TestPdfUpload" name="test_file_serve_unauthorized" time="0.103" /><testcase classname="backend.tests.test_p1.TestReportWithPdf" name="test_create_report_with_pdf_fields" time="0.114" /><testcase classname="backend.tests.test_p1.TestReportWithPdf" name="test_get_report_returns_pdf_fields" time="0.116" /><testcase classname="backend.tests.test_p1.TestReportWithPdf" name="test_cleanup_report" time="0.119" /><testcase classname="backend.tests.test_p1.TestDigestDispatch" name="test_publish_research_returns_200" time="0.217" /><testcase classname="backend.tests.test_p1.TestDigestDispatch" name="test_publish_education_returns_200" time="0.234" /><testcase classname="backend.tests.test_p1.TestDigestDispatch" name="test_publish_report_returns_200" time="0.226" /><testcase classname="backend.tests.test_p2.TestWebhookSignature" name="test_bad_signature_400" time="0.131" /><testcase classname="backend.tests.test_p2.TestWebhookSignature" name="test_missing_signature_400" time="0.107" /><testcase classname="backend.tests.test_p2.TestWebhookSignature" name="test_valid_signature_accepted" time="0.433" /><testcase classname="backend.tests.test_p2.TestCheckoutCompleted" name="test_creates_active_user_and_invite" time="30.271" /><testcase classname="backend.tests.test_p2.TestCheckoutCompleted" name="test_duplicate_event_is_idempotent" time="0.149" /><testcase classname="backend.tests.test_p2.TestInvite" name="test_get_invite_returns_email_and_valid" time="0.112" /><testcase classname="backend.tests.test_p2.TestInvite" name="test_unknown_invite_404" time="0.109" /><testcase classname="backend.tests.test_p2.TestInvite" name="test_accept_invite_sets_password_and_returns_token" time="0.343" /><testcase classname="backend.tests.test_p2.TestInvite" name="test_invite_cannot_be_reused" time="0.127" /><testcase classname="backend.tests.test_p2.TestInvite" name="test_login_works_after_accept" time="0.334" /><testcase classname="backend.tests.test_p2.TestLoginGating" name="test_inactive_user_login_403" time="0.670" /><testcase classname="backend.tests.test_p2.TestLoginGating" name="test_admin_bypasses_gating" time="0.332" /><testcase classname="backend.tests.test_p2.TestLoginGating" name="test_complimentary_user_passes" time="0.662" /><testcase classname="backend.tests.test_p2.TestLoginGating" name="test_subscription_deleted_then_login_403" time="1.488" /><testcase classname="backend.tests.test_p2.TestMembershipConfig" name="test_returns_framer_and_payment_link" time="0.103" /><testcase classname="backend.tests.test_p2.TestAdminMembers" name="test_non_admin_403" time="0.830" /><testcase classname="backend.tests.test_p2.TestAdminMembers" name="test_list_members" time="0.451" /><testcase classname="backend.tests.test_p2.TestAdminMembers" name="test_search_filter" time="0.121" /><testcase classname="backend.tests.test_p2.TestAdminMembers" name="test_status_filter_inactive" time="0.117" /><testcase classname="backend.tests.test_p2.TestAdminMembers" name="test_complimentary_toggle" time="0.556" /><testcase classname="backend.tests.test_p2.TestAdminMembers" name="test_revoke" time="0.765" /><testcase classname="backend.tests.test_p2.TestAdminMembers" name="test_resend_invite" time="0.663" /><testcase classname="backend.tests.test_valuation.TestAuthRegression" name="test_admin_login" time="0.354" /><testcase classname="backend.tests.test_valuation.TestAuthRegression" name="test_member_login" time="0.393" /><testcase classname="backend.tests.test_valuation.TestValuationAuth" name="test_valuation_requires_auth" time="0.102" /><testcase classname="backend.tests.test_valuation.TestValuationAuth" name="test_valuation_history_requires_auth" time="0.108" /><testcase classname="backend.tests.test_valuation.TestValuationFeature" name="test_history_endpoint_works" time="0.448" /><testcase classname="backend.tests.test_valuation.TestValuationFeature" name="test_run_valuation_msft" time="5.420" /><testcase classname="backend.tests.test_valuation.TestValuationFeature" name="test_history_populated_after_valuation" time="0.122" /><testcase classname="backend.tests.test_valuation.TestValuationFeature" name="test_invalid_ticker" time="0.380" /><testcase classname="backend.tests.test_valuation.TestContentRegression" name="test_content_endpoint[/api/research]" time="0.096" /><testcase classname="backend.tests.test_valuation.TestContentRegression" name="test_content_endpoint[/api/education]" time="0.095" /><testcase classname="backend.tests.test_valuation.TestContentRegression" name="test_content_endpoint[/api/reports]" time="0.104" /><testcase classname="backend.tests.test_valuation.TestContentRegression" name="test_content_endpoint[/api/companies]" time="0.097" /><testcase classname="backend.tests.test_valuation.TestContentRegression" name="test_content_endpoint[/api/books]" time="0.104" /><testcase classname="backend.tests.test_valuation.TestContentRegression" name="test_search" time="0.109" /><testcase classname="backend.tests.test_valuation.TestContentRegression" name="test_chat_history" time="0.114" /><testcase classname="backend.tests.test_valuation.TestContentRegression" name="test_chat_send" time="0.642" /><testcase classname="backend.tests.test_valuation.TestContentRegression" name="test_billing_portal" time="0.114" /></testsuite></testsuites>