<?xml version="1.0" encoding="utf-8"?><testsuites name="pytest tests"><testsuite name="pytest" errors="0" failures="0" skipped="0" tests="82" time="22.884" timestamp="2026-05-24T16:17:56.570626+00:00" hostname="agent-env-5332fe1e-417f-494a-a393-19c472e9bc9a"><testcase classname="tests.test_p1.TestBruteForce" name="test_lockout_after_5_failed" time="2.308" /><testcase classname="tests.test_p1.TestBruteForce" name="test_successful_login_clears_attempts" time="3.378" /><testcase classname="tests.test_p1.TestTwoFactor" name="test_status_initially_disabled" time="0.440" /><testcase classname="tests.test_p1.TestTwoFactor" name="test_setup_returns_secret_uri_qr" time="0.125" /><testcase classname="tests.test_p1.TestTwoFactor" name="test_verify_setup_with_valid_totp_enables" time="0.101" /><testcase classname="tests.test_p1.TestTwoFactor" name="test_status_enabled_after_setup" time="0.107" /><testcase classname="tests.test_p1.TestTwoFactor" name="test_login_now_requires_2fa" time="0.314" /><testcase classname="tests.test_p1.TestTwoFactor" name="test_2fa_verify_invalid_code_401" time="0.104" /><testcase classname="tests.test_p1.TestTwoFactor" name="test_2fa_verify_valid_totp_returns_access" time="0.095" /><testcase classname="tests.test_p1.TestTwoFactor" name="test_backup_code_works_and_is_consumed" time="0.907" /><testcase classname="tests.test_p1.TestTwoFactor" name="test_disable_2fa" time="0.784" /><testcase classname="tests.test_p1.TestEmailPrefs" name="test_default_is_opt_in_true" time="0.104" /><testcase classname="tests.test_p1.TestEmailPrefs" name="test_update_to_false" time="0.201" /><testcase classname="tests.test_p1.TestEmailPrefs" name="test_update_back_to_true" time="0.108" /><testcase classname="tests.test_p1.TestPdfUpload" name="test_non_admin_forbidden" time="0.105" /><testcase classname="tests.test_p1.TestPdfUpload" name="test_non_pdf_rejected" time="0.447" /><testcase classname="tests.test_p1.TestPdfUpload" name="test_admin_upload_success" time="0.306" /><testcase classname="tests.test_p1.TestPdfUpload" name="test_oversize_413" time="0.984" /><testcase classname="tests.test_p1.TestPdfUpload" name="test_file_serve_with_bearer" time="0.285" /><testcase classname="tests.test_p1.TestPdfUpload" name="test_file_serve_with_query_auth" time="0.352" /><testcase classname="tests.test_p1.TestPdfUpload" name="test_file_serve_unauthorized" time="0.119" /><testcase classname="tests.test_p1.TestReportWithPdf" name="test_create_report_with_pdf_fields" time="0.111" /><testcase classname="tests.test_p1.TestReportWithPdf" name="test_get_report_returns_pdf_fields" time="0.110" /><testcase classname="tests.test_p1.TestReportWithPdf" name="test_cleanup_report" time="0.104" /><testcase classname="tests.test_p1.TestDigestDispatch" name="test_publish_research_returns_200" time="0.202" /><testcase classname="tests.test_p1.TestDigestDispatch" name="test_publish_education_returns_200" time="0.227" /><testcase classname="tests.test_p1.TestDigestDispatch" name="test_publish_report_returns_200" time="0.210" /><testcase classname="tests.test_auth.TestHealth" name="test_health_ok" time="0.098" /><testcase classname="tests.test_auth.TestHealth" name="test_root" time="0.046" /><testcase classname="tests.test_auth.TestRegister" name="test_register_returns_token_and_user" time="0.285" /><testcase classname="tests.test_auth.TestRegister" name="test_register_duplicate_email_400" time="0.118" /><testcase classname="tests.test_auth.TestRegister" name="test_register_short_password_422" time="0.098" /><testcase classname="tests.test_auth.TestLogin" name="test_admin_login_success" time="0.312" /><testcase classname="tests.test_auth.TestLogin" name="test_admin_login_wrong_password_401" time="0.521" /><testcase classname="tests.test_auth.TestLogin" name="test_login_unknown_email_401" time="0.068" /><testcase classname="tests.test_auth.TestLogin" name="test_login_case_insensitive_email" time="0.461" /><testcase classname="tests.test_auth.TestMeLogout" name="test_me_with_token" time="0.742" /><testcase classname="tests.test_auth.TestMeLogout" name="test_me_without_token_401" time="0.105" /><testcase classname="tests.test_auth.TestMeLogout" name="test_me_with_invalid_token_401" time="0.132" /><testcase classname="tests.test_auth.TestMeLogout" name="test_logout_authenticated" time="0.495" /><testcase classname="tests.test_auth.TestMeLogout" name="test_logout_unauthenticated_401" time="0.098" /><testcase classname="tests.test_auth.TestMemberFlow" name="test_new_member_can_call_me" time="0.127" /><testcase classname="tests.test_auth.TestMemberFlow" name="test_new_member_login_then_me" time="0.381" /><testcase classname="tests.test_content.TestRoleGating" name="test_research_post_member_403" time="0.423" /><testcase classname="tests.test_content.TestRoleGating" name="test_education_post_member_403" time="0.109" /><testcase classname="tests.test_content.TestRoleGating" name="test_reports_post_member_403" time="0.112" /><testcase classname="tests.test_content.TestRoleGating" name="test_companies_post_member_403" time="0.105" /><testcase classname="tests.test_content.TestResearch" name="test_create_published" time="0.450" /><testcase classname="tests.test_content.TestResearch" name="test_create_draft" time="0.107" /><testcase classname="tests.test_content.TestResearch" name="test_member_sees_only_published" time="0.123" /><testcase classname="tests.test_content.TestResearch" name="test_admin_sees_all" time="0.106" /><testcase classname="tests.test_content.TestResearch" name="test_filter_by_category" time="0.102" /><testcase classname="tests.test_content.TestResearch" name="test_filter_by_tag" time="0.120" /><testcase classname="tests.test_content.TestResearch" name="test_search_q" time="0.107" /><testcase classname="tests.test_content.TestResearch" name="test_member_cannot_get_draft" time="0.102" /><testcase classname="tests.test_content.TestResearch" name="test_get_one" time="0.109" /><testcase classname="tests.test_content.TestResearch" name="test_update" time="0.206" /><testcase classname="tests.test_content.TestResearch" name="test_delete_and_verify" time="0.215" /><testcase classname="tests.test_content.TestEducation" name="test_create" time="0.106" /><testcase classname="tests.test_content.TestEducation" name="test_list_and_get" time="0.124" /><testcase classname="tests.test_content.TestEducation" name="test_update" time="0.108" /><testcase classname="tests.test_content.TestEducation" name="test_delete" time="0.106" /><testcase classname="tests.test_content.TestReports" name="test_create_invalid_period" time="0.102" /><testcase classname="tests.test_content.TestReports" name="test_create_valid" time="0.119" /><testcase classname="tests.test_content.TestReports" name="test_year_filter" time="0.113" /><testcase classname="tests.test_content.TestReports" name="test_year_filter_no_match" time="0.102" /><testcase classname="tests.test_content.TestReports" name="test_delete" time="0.101" /><testcase classname="tests.test_content.TestCompanies" name="test_create" time="0.102" /><testcase classname="tests.test_content.TestCompanies" name="test_duplicate_ticker" time="0.115" /><testcase classname="tests.test_content.TestCompanies" name="test_member_sees_all_statuses" time="0.312" /><testcase classname="tests.test_content.TestCompanies" name="test_get_detail" time="0.124" /><testcase classname="tests.test_content.TestCompanies" name="test_add_memo" time="0.117" /><testcase classname="tests.test_content.TestCompanies" name="test_member_cannot_add_memo" time="0.133" /><testcase classname="tests.test_content.TestCompanies" name="test_memo_visible_in_detail" time="0.102" /><testcase classname="tests.test_content.TestCompanies" name="test_delete_memo" time="0.235" /><testcase classname="tests.test_content.TestBookmarks" name="test_check_initially_false" time="0.343" /><testcase classname="tests.test_content.TestBookmarks" name="test_add_bookmark" time="0.103" /><testcase classname="tests.test_content.TestBookmarks" name="test_check_now_true" time="0.112" /><testcase classname="tests.test_content.TestBookmarks" name="test_duplicate_add_idempotent" time="0.104" /><testcase classname="tests.test_content.TestBookmarks" name="test_list_hydrated" time="0.105" /><testcase classname="tests.test_content.TestBookmarks" name="test_member_draft_bookmark_hidden" time="0.106" /><testcase classname="tests.test_content.TestBookmarks" name="test_delete_bookmark" time="0.462" /></testsuite></testsuites>