<?xml version="1.0" encoding="utf-8"?><testsuites name="pytest tests"><testsuite name="pytest" errors="0" failures="0" skipped="0" tests="39" time="7.445" timestamp="2026-05-24T14:49:00.062282+00:00" hostname="agent-env-5332fe1e-417f-494a-a393-19c472e9bc9a"><testcase classname="backend.tests.test_content.TestRoleGating" name="test_research_post_member_403" time="0.641" /><testcase classname="backend.tests.test_content.TestRoleGating" name="test_education_post_member_403" time="0.154" /><testcase classname="backend.tests.test_content.TestRoleGating" name="test_reports_post_member_403" time="0.132" /><testcase classname="backend.tests.test_content.TestRoleGating" name="test_companies_post_member_403" time="0.122" /><testcase classname="backend.tests.test_content.TestResearch" name="test_create_published" time="0.579" /><testcase classname="backend.tests.test_content.TestResearch" name="test_create_draft" time="0.120" /><testcase classname="backend.tests.test_content.TestResearch" name="test_member_sees_only_published" time="0.123" /><testcase classname="backend.tests.test_content.TestResearch" name="test_admin_sees_all" time="0.144" /><testcase classname="backend.tests.test_content.TestResearch" name="test_filter_by_category" time="0.115" /><testcase classname="backend.tests.test_content.TestResearch" name="test_filter_by_tag" time="0.138" /><testcase classname="backend.tests.test_content.TestResearch" name="test_search_q" time="0.132" /><testcase classname="backend.tests.test_content.TestResearch" name="test_member_cannot_get_draft" time="0.158" /><testcase classname="backend.tests.test_content.TestResearch" name="test_get_one" time="0.176" /><testcase classname="backend.tests.test_content.TestResearch" name="test_update" time="0.254" /><testcase classname="backend.tests.test_content.TestResearch" name="test_delete_and_verify" time="0.260" /><testcase classname="backend.tests.test_content.TestEducation" name="test_create" time="0.130" /><testcase classname="backend.tests.test_content.TestEducation" name="test_list_and_get" time="0.118" /><testcase classname="backend.tests.test_content.TestEducation" name="test_update" time="0.132" /><testcase classname="backend.tests.test_content.TestEducation" name="test_delete" time="0.107" /><testcase classname="backend.tests.test_content.TestReports" name="test_create_invalid_period" time="0.133" /><testcase classname="backend.tests.test_content.TestReports" name="test_create_valid" time="0.156" /><testcase classname="backend.tests.test_content.TestReports" name="test_year_filter" time="0.128" /><testcase classname="backend.tests.test_content.TestReports" name="test_year_filter_no_match" time="0.146" /><testcase classname="backend.tests.test_content.TestReports" name="test_delete" time="0.113" /><testcase classname="backend.tests.test_content.TestCompanies" name="test_create" time="0.099" /><testcase classname="backend.tests.test_content.TestCompanies" name="test_duplicate_ticker" time="0.113" /><testcase classname="backend.tests.test_content.TestCompanies" name="test_member_sees_all_statuses" time="0.341" /><testcase classname="backend.tests.test_content.TestCompanies" name="test_get_detail" time="0.121" /><testcase classname="backend.tests.test_content.TestCompanies" name="test_add_memo" time="0.123" /><testcase classname="backend.tests.test_content.TestCompanies" name="test_member_cannot_add_memo" time="0.103" /><testcase classname="backend.tests.test_content.TestCompanies" name="test_memo_visible_in_detail" time="0.110" /><testcase classname="backend.tests.test_content.TestCompanies" name="test_delete_memo" time="0.245" /><testcase classname="backend.tests.test_content.TestBookmarks" name="test_check_initially_false" time="0.322" /><testcase classname="backend.tests.test_content.TestBookmarks" name="test_add_bookmark" time="0.100" /><testcase classname="backend.tests.test_content.TestBookmarks" name="test_check_now_true" time="0.137" /><testcase classname="backend.tests.test_content.TestBookmarks" name="test_duplicate_add_idempotent" time="0.117" /><testcase classname="backend.tests.test_content.TestBookmarks" name="test_list_hydrated" time="0.115" /><testcase classname="backend.tests.test_content.TestBookmarks" name="test_member_draft_bookmark_hidden" time="0.378" /><testcase classname="backend.tests.test_content.TestBookmarks" name="test_delete_bookmark" time="0.496" /></testsuite></testsuites>