<?xml version="1.0" encoding="utf-8"?><testsuites name="pytest tests"><testsuite name="pytest" errors="0" failures="3" skipped="0" tests="27" time="12.537" timestamp="2026-05-24T15:46:12.222191+00:00" hostname="agent-env-5332fe1e-417f-494a-a393-19c472e9bc9a"><testcase classname="backend.tests.test_p1.TestBruteForce" name="test_lockout_after_5_failed" time="2.443"><failure message="AssertionError: expected 429 after lockout, got 401: {&quot;detail&quot;:&quot;Invalid email or password&quot;}&#10;assert 401 == 429&#10; +  where 401 = &lt;Response [401]&gt;.status_code">backend/tests/test_p1.py:59: in test_lockout_after_5_failed
    assert r6.status_code == 429, f"expected 429 after lockout, got {r6.status_code}: {r6.text}"
E   AssertionError: expected 429 after lockout, got 401: {"detail":"Invalid email or password"}
E   assert 401 == 429
E    +  where 401 = &lt;Response [401]&gt;.status_code</failure></testcase><testcase classname="backend.tests.test_p1.TestBruteForce" name="test_successful_login_clears_attempts" time="2.870"><failure message="assert 500 == 401&#10; +  where 500 = &lt;Response [500]&gt;.status_code">backend/tests/test_p1.py:80: in test_successful_login_clears_attempts
    assert r.status_code == 401  # still not locked because counter was reset
    ^^^^^^^^^^^^^^^^^^^^^^^^^^^
E   assert 500 == 401
E    +  where 500 = &lt;Response [500]&gt;.status_code</failure></testcase><testcase classname="backend.tests.test_p1.TestTwoFactor" name="test_status_initially_disabled" time="0.440" /><testcase classname="backend.tests.test_p1.TestTwoFactor" name="test_setup_returns_secret_uri_qr" time="0.144" /><testcase classname="backend.tests.test_p1.TestTwoFactor" name="test_verify_setup_with_valid_totp_enables" time="0.134" /><testcase classname="backend.tests.test_p1.TestTwoFactor" name="test_status_enabled_after_setup" time="0.102"><failure message="AssertionError: assert 0 == 10&#10; +  where 0 = &lt;built-in method get of dict object at 0xfc69138ae340&gt;('backup_codes_remaining', 0)&#10; +    where &lt;built-in method get of dict object at 0xfc69138ae340&gt; = {'backup_codes_remaining': 0, 'enabled': True}.get">backend/tests/test_p1.py:123: in test_status_enabled_after_setup
    assert body.get("backup_codes_remaining", 0) == 10
E   AssertionError: assert 0 == 10
E    +  where 0 = &lt;built-in method get of dict object at 0xfc69138ae340&gt;('backup_codes_remaining', 0)
E    +    where &lt;built-in method get of dict object at 0xfc69138ae340&gt; = {'backup_codes_remaining': 0, 'enabled': True}.get</failure></testcase><testcase classname="backend.tests.test_p1.TestTwoFactor" name="test_login_now_requires_2fa" time="0.330" /><testcase classname="backend.tests.test_p1.TestTwoFactor" name="test_2fa_verify_invalid_code_401" time="0.149" /><testcase classname="backend.tests.test_p1.TestTwoFactor" name="test_2fa_verify_valid_totp_returns_access" time="0.104" /><testcase classname="backend.tests.test_p1.TestTwoFactor" name="test_backup_code_works_and_is_consumed" time="0.949" /><testcase classname="backend.tests.test_p1.TestTwoFactor" name="test_disable_2fa" time="0.807" /><testcase classname="backend.tests.test_p1.TestEmailPrefs" name="test_default_is_opt_in_true" time="0.101" /><testcase classname="backend.tests.test_p1.TestEmailPrefs" name="test_update_to_false" time="0.211" /><testcase classname="backend.tests.test_p1.TestEmailPrefs" name="test_update_back_to_true" time="0.107" /><testcase classname="backend.tests.test_p1.TestPdfUpload" name="test_non_admin_forbidden" time="0.105" /><testcase classname="backend.tests.test_p1.TestPdfUpload" name="test_non_pdf_rejected" time="0.431" /><testcase classname="backend.tests.test_p1.TestPdfUpload" name="test_admin_upload_success" time="0.400" /><testcase classname="backend.tests.test_p1.TestPdfUpload" name="test_oversize_413" time="0.944" /><testcase classname="backend.tests.test_p1.TestPdfUpload" name="test_file_serve_with_bearer" time="0.288" /><testcase classname="backend.tests.test_p1.TestPdfUpload" name="test_file_serve_with_query_auth" time="0.223" /><testcase classname="backend.tests.test_p1.TestPdfUpload" name="test_file_serve_unauthorized" time="0.122" /><testcase classname="backend.tests.test_p1.TestReportWithPdf" name="test_create_report_with_pdf_fields" time="0.099" /><testcase classname="backend.tests.test_p1.TestReportWithPdf" name="test_get_report_returns_pdf_fields" time="0.103" /><testcase classname="backend.tests.test_p1.TestReportWithPdf" name="test_cleanup_report" time="0.108" /><testcase classname="backend.tests.test_p1.TestDigestDispatch" name="test_publish_research_returns_200" time="0.199" /><testcase classname="backend.tests.test_p1.TestDigestDispatch" name="test_publish_education_returns_200" time="0.239" /><testcase classname="backend.tests.test_p1.TestDigestDispatch" name="test_publish_report_returns_200" time="0.246" /></testsuite></testsuites>