<?xml version="1.0" encoding="utf-8"?><testsuites name="pytest tests"><testsuite name="pytest" errors="0" failures="0" skipped="0" tests="16" time="3.212" timestamp="2026-05-24T14:15:01.812961+00:00" hostname="agent-env-5332fe1e-417f-494a-a393-19c472e9bc9a"><testcase classname="backend.tests.test_auth.TestHealth" name="test_health_ok" time="0.208" /><testcase classname="backend.tests.test_auth.TestHealth" name="test_root" time="0.047" /><testcase classname="backend.tests.test_auth.TestRegister" name="test_register_returns_token_and_user" time="0.276" /><testcase classname="backend.tests.test_auth.TestRegister" name="test_register_duplicate_email_400" time="0.053" /><testcase classname="backend.tests.test_auth.TestRegister" name="test_register_short_password_422" time="0.049" /><testcase classname="backend.tests.test_auth.TestLogin" name="test_admin_login_success" time="0.272" /><testcase classname="backend.tests.test_auth.TestLogin" name="test_admin_login_wrong_password_401" time="0.291" /><testcase classname="backend.tests.test_auth.TestLogin" name="test_login_unknown_email_401" time="0.048" /><testcase classname="backend.tests.test_auth.TestLogin" name="test_login_case_insensitive_email" time="0.268" /><testcase classname="backend.tests.test_auth.TestMeLogout" name="test_me_with_token" time="0.379" /><testcase classname="backend.tests.test_auth.TestMeLogout" name="test_me_without_token_401" time="0.103" /><testcase classname="backend.tests.test_auth.TestMeLogout" name="test_me_with_invalid_token_401" time="0.108" /><testcase classname="backend.tests.test_auth.TestMeLogout" name="test_logout_authenticated" time="0.377" /><testcase classname="backend.tests.test_auth.TestMeLogout" name="test_logout_unauthenticated_401" time="0.133" /><testcase classname="backend.tests.test_auth.TestMemberFlow" name="test_new_member_can_call_me" time="0.144" /><testcase classname="backend.tests.test_auth.TestMemberFlow" name="test_new_member_login_then_me" time="0.375" /></testsuite></testsuites>